Build started 3/8/2019 12:33:19 ص.
     1>Project "C:\Users\ِAbdallah Hemdan\Desktop\My Own Spelling corrector\Spelling Checker\Spelling Checker\Spelling Checker.vcxproj" on node 2 (Build target(s)).
     1>ClCompile:
         C:\Program Files (x86)\Microsoft Visual Studio 14.0\VC\bin\CL.exe /c /ZI /nologo /W3 /WX- /sdl /Od /Oy- /D WIN32 /D _DEBUG /D _CONSOLE /D _UNICODE /D UNICODE /Gm /EHsc /RTC1 /MDd /GS /fp:precise /Zc:wchar_t /Zc:forScope /Zc:inline /Fo"Debug\\" /Fd"Debug\vc140.pdb" /Gd /TP /analyze- /errorReport:prompt SpellingCorrector.cpp main.cpp
         main.cpp
         SpellingCorrector.cpp
     1>c:\users\ِabdallah hemdan\desktop\my own spelling corrector\spelling checker\spelling checker\spellingcorrector.cpp(110): warning C4244: 'initializing': conversion from '__int64' to 'char', possible loss of data
     1>c:\users\ِabdallah hemdan\desktop\my own spelling corrector\spelling checker\spelling checker\spellingcorrector.cpp(111): warning C4244: 'argument': conversion from '__int64' to 'unsigned int', possible loss of data
     1>c:\users\ِabdallah hemdan\desktop\my own spelling corrector\spelling checker\spelling checker\spellingcorrector.cpp(131): warning C4244: 'initializing': conversion from '__int64' to 'char', possible loss of data
     1>c:\users\ِabdallah hemdan\desktop\my own spelling corrector\spelling checker\spelling checker\spellingcorrector.cpp(132): warning C4244: 'argument': conversion from '__int64' to 'unsigned int', possible loss of data
     1>c:\users\ِabdallah hemdan\desktop\my own spelling corrector\spelling checker\spelling checker\spellingcorrector.cpp(149): warning C4244: 'argument': conversion from '__int64' to 'unsigned int', possible loss of data
     1>c:\users\ِabdallah hemdan\desktop\my own spelling corrector\spelling checker\spelling checker\spellingcorrector.cpp(166): warning C4244: 'argument': conversion from '__int64' to 'unsigned int', possible loss of data
     1>c:\users\ِabdallah hemdan\desktop\my own spelling corrector\spelling checker\spelling checker\spellingcorrector.cpp(167): warning C4244: 'argument': conversion from '__int64' to 'unsigned int', possible loss of data
         Generating Code...
       Link:
         C:\Program Files (x86)\Microsoft Visual Studio 14.0\VC\bin\link.exe /ERRORREPORT:PROMPT /OUT:"C:\Users\ِAbdallah Hemdan\Desktop\My Own Spelling corrector\Spelling Checker\Debug\Spelling Checker.exe" /INCREMENTAL /NOLOGO kernel32.lib user32.lib gdi32.lib winspool.lib comdlg32.lib advapi32.lib shell32.lib ole32.lib oleaut32.lib uuid.lib odbc32.lib odbccp32.lib /MANIFEST /MANIFESTUAC:"level='asInvoker' uiAccess='false'" /manifest:embed /Debug /PDB:"C:\Users\ِAbdallah Hemdan\Desktop\My Own Spelling corrector\Spelling Checker\Debug\Spelling Checker.pdb" /SUBSYSTEM:CONSOLE /TLBID:1 /DYNAMICBASE /NXCOMPAT /IMPLIB:"C:\Users\ِAbdallah Hemdan\Desktop\My Own Spelling corrector\Spelling Checker\Debug\Spelling Checker.lib" /MACHINE:X86 Debug\main.obj
         Debug\SpellingCorrector.obj
         Spelling Checker.vcxproj -> C:\Users\ِAbdallah Hemdan\Desktop\My Own Spelling corrector\Spelling Checker\Debug\Spelling Checker.exe
     1>Done Building Project "C:\Users\ِAbdallah Hemdan\Desktop\My Own Spelling corrector\Spelling Checker\Spelling Checker\Spelling Checker.vcxproj" (Build target(s)).

Build succeeded.

Time Elapsed 00:00:02.74
